<?xml version="1.0" encoding="UTF-8"?>
<testng-results skipped="0" failed="0" ignored="0" total="1" passed="1">
  <reporter-output>
  </reporter-output>
  <suite name="Default suite" duration-ms="17579" started-at="2020-08-23T17:45:52 EDT" finished-at="2020-08-23T17:46:10 EDT">
    <groups>
    </groups>
    <test name="Default test" duration-ms="17579" started-at="2020-08-23T17:45:52 EDT" finished-at="2020-08-23T17:46:10 EDT">
      <class name="com.training.sanity.tests.LoginTests">
        <test-method status="PASS" signature="setUpBeforeClass()[pri:0, instance:com.training.sanity.tests.LoginTests@131276c2]" name="setUpBeforeClass" is-config="true" duration-ms="13" started-at="2020-08-23T17:45:52 EDT" finished-at="2020-08-23T17:45:52 EDT">
          <reporter-output>
          </reporter-output>
        </test-method> <!-- setUpBeforeClass -->
        <test-method status="PASS" signature="setUp()[pri:0, instance:com.training.sanity.tests.LoginTests@131276c2]" name="setUp" is-config="true" duration-ms="10583" started-at="2020-08-23T17:45:52 EDT" finished-at="2020-08-23T17:46:03 EDT">
          <reporter-output>
          </reporter-output>
        </test-method> <!-- setUp -->
        <test-method status="PASS" signature="validLoginTests()[pri:0, instance:com.training.sanity.tests.LoginTests@131276c2]" name="validLoginTests" duration-ms="5049" started-at="2020-08-23T17:46:03 EDT" finished-at="2020-08-23T17:46:08 EDT">
          <reporter-output>
          </reporter-output>
        </test-method> <!-- validLoginTests -->
        <test-method status="PASS" signature="tearDown()[pri:0, instance:com.training.sanity.tests.LoginTests@131276c2]" name="tearDown" is-config="true" duration-ms="1887" started-at="2020-08-23T17:46:08 EDT" finished-at="2020-08-23T17:46:10 EDT">
          <reporter-output>
          </reporter-output>
        </test-method> <!-- tearDown -->
      </class> <!-- com.training.sanity.tests.LoginTests -->
    </test> <!-- Default test -->
  </suite> <!-- Default suite -->
</testng-results>
